[debug] [2021-09-16T08:22:53.691Z] ----------------------------------------------------------------------
[debug] [2021-09-16T08:22:53.694Z] Command:       /usr/bin/node /usr/local/bin/firebase deploy
[debug] [2021-09-16T08:22:53.695Z] CLI Version:   9.18.0
[debug] [2021-09-16T08:22:53.695Z] Platform:      linux
[debug] [2021-09-16T08:22:53.695Z] Node Version:  v10.19.0
[debug] [2021-09-16T08:22:53.696Z] Time:          Thu Sep 16 2021 13:52:53 GMT+0530 (India Standard Time)
[debug] [2021-09-16T08:22:53.696Z] ----------------------------------------------------------------------
[debug] 
[debug] [2021-09-16T08:22:53.792Z] > command requires scopes: ["email","openid","https://www.googleapis.com/auth/cloudplatformprojects.readonly","https://www.googleapis.com/auth/firebase","https://www.googleapis.com/auth/cloud-platform"]
[debug] [2021-09-16T08:22:53.792Z] > authorizing via signed-in user (ash123.ak70@gmail.com)
[debug] [2021-09-16T08:22:53.792Z] [iam] checking project challenge-df3e6 for permissions ["firebase.projects.get","firebasehosting.sites.update"]
[debug] [2021-09-16T08:22:53.796Z] > refreshing access token with scopes: ["email","https://www.googleapis.com/auth/cloud-platform","https://www.googleapis.com/auth/cloudplatformprojects.readonly","https://www.googleapis.com/auth/firebase","openid"]
[debug] [2021-09-16T08:22:53.796Z] >>> HTTP REQUEST POST https://www.googleapis.com/oauth2/v3/token  
 <request body omitted>
[debug] [2021-09-16T08:22:54.611Z] <<< HTTP RESPONSE 200 {"date":"Thu, 16 Sep 2021 08:22:54 GMT","cache-control":"no-cache, no-store, max-age=0, must-revalidate","expires":"Mon, 01 Jan 1990 00:00:00 GMT","pragma":"no-cache","content-type":"application/json; charset=utf-8","vary":"X-Origin, Referer, Origin,Accept-Encoding","server":"scaffolding on HTTPServer2","x-xss-protection":"0","x-frame-options":"SAMEORIGIN","x-content-type-options":"nosniff","alt-svc":"h3=\":443\"; ma=2592000,h3-29=\":443\"; ma=2592000,h3-T051=\":443\"; ma=2592000,h3-Q050=\":443\"; ma=2592000,h3-Q046=\":443\"; ma=2592000,h3-Q043=\":443\"; ma=2592000,quic=\":443\"; ma=2592000; v=\"46,43\"","accept-ranges":"none","transfer-encoding":"chunked"}
[debug] [2021-09-16T08:22:54.777Z] >>> HTTP REQUEST POST https://cloudresourcemanager.googleapis.com/v1/projects/challenge-df3e6:testIamPermissions  
 {"permissions":["firebase.projects.get","firebasehosting.sites.update"]}
[debug] [2021-09-16T08:22:56.179Z] <<< HTTP RESPONSE 200 {"content-type":"application/json; charset=UTF-8","vary":"X-Origin, Referer, Origin,Accept-Encoding","date":"Thu, 16 Sep 2021 08:22:56 GMT","server":"ESF","cache-control":"private","x-xss-protection":"0","x-frame-options":"SAMEORIGIN","x-content-type-options":"nosniff","server-timing":"gfet4t7; dur=1177","alt-svc":"h3=\":443\"; ma=2592000,h3-29=\":443\"; ma=2592000,h3-T051=\":443\"; ma=2592000,h3-Q050=\":443\"; ma=2592000,h3-Q046=\":443\"; ma=2592000,h3-Q043=\":443\"; ma=2592000,quic=\":443\"; ma=2592000; v=\"46,43\"","accept-ranges":"none","transfer-encoding":"chunked"}
[debug] [2021-09-16T08:22:56.183Z] > refreshing access token with scopes: []
[debug] [2021-09-16T08:22:56.184Z] >>> HTTP REQUEST POST https://www.googleapis.com/oauth2/v3/token  
 <request body omitted>
[debug] [2021-09-16T08:22:56.417Z] <<< HTTP RESPONSE 200 {"expires":"Mon, 01 Jan 1990 00:00:00 GMT","pragma":"no-cache","cache-control":"no-cache, no-store, max-age=0, must-revalidate","date":"Thu, 16 Sep 2021 08:22:56 GMT","content-type":"application/json; charset=utf-8","vary":"X-Origin, Referer, Origin,Accept-Encoding","server":"scaffolding on HTTPServer2","x-xss-protection":"0","x-frame-options":"SAMEORIGIN","x-content-type-options":"nosniff","alt-svc":"h3=\":443\"; ma=2592000,h3-29=\":443\"; ma=2592000,h3-T051=\":443\"; ma=2592000,h3-Q050=\":443\"; ma=2592000,h3-Q046=\":443\"; ma=2592000,h3-Q043=\":443\"; ma=2592000,quic=\":443\"; ma=2592000; v=\"46,43\"","accept-ranges":"none","transfer-encoding":"chunked"}
[debug] [2021-09-16T08:22:56.504Z] >>> [apiv2][query] GET https://firebase.googleapis.com/v1beta1/projects/challenge-df3e6 [none]
[debug] [2021-09-16T08:22:57.097Z] <<< [apiv2][status] GET https://firebase.googleapis.com/v1beta1/projects/challenge-df3e6 200
[debug] [2021-09-16T08:22:57.099Z] <<< [apiv2][body] GET https://firebase.googleapis.com/v1beta1/projects/challenge-df3e6 {"projectId":"challenge-df3e6","projectNumber":"759344290991","displayName":"amazon-challenge","name":"projects/challenge-df3e6","resources":{"hostingSite":"challenge-df3e6"},"state":"ACTIVE"}
[info] 
[info] === Deploying to 'challenge-df3e6'...
[info] 
[info] i  deploying hosting 
[debug] [2021-09-16T08:22:57.113Z] > refreshing access token with scopes: ["email","https://www.googleapis.com/auth/cloud-platform","https://www.googleapis.com/auth/cloudplatformprojects.readonly","https://www.googleapis.com/auth/firebase","openid"]
[debug] [2021-09-16T08:22:57.113Z] >>> HTTP REQUEST POST https://www.googleapis.com/oauth2/v3/token  
 <request body omitted>
[debug] [2021-09-16T08:23:05.503Z] <<< HTTP RESPONSE 200 {"pragma":"no-cache","cache-control":"no-cache, no-store, max-age=0, must-revalidate","date":"Thu, 16 Sep 2021 08:22:57 GMT","expires":"Mon, 01 Jan 1990 00:00:00 GMT","content-type":"application/json; charset=utf-8","vary":"X-Origin, Referer, Origin,Accept-Encoding","server":"scaffolding on HTTPServer2","x-xss-protection":"0","x-frame-options":"SAMEORIGIN","x-content-type-options":"nosniff","alt-svc":"h3=\":443\"; ma=2592000,h3-29=\":443\"; ma=2592000,h3-T051=\":443\"; ma=2592000,h3-Q050=\":443\"; ma=2592000,h3-Q046=\":443\"; ma=2592000,h3-Q043=\":443\"; ma=2592000,quic=\":443\"; ma=2592000; v=\"46,43\"","accept-ranges":"none","transfer-encoding":"chunked"}
[debug] [2021-09-16T08:23:05.573Z] >>> HTTP REQUEST POST https://firebasehosting.googleapis.com/v1beta1/sites/challenge-df3e6/versions  
 {"config":{"rewrites":[{"glob":"**","path":"/index.html"}]},"labels":{"deployment-tool":"cli-firebase"}}
[debug] [2021-09-16T08:23:07.723Z] <<< HTTP RESPONSE 200 {"content-type":"application/json; charset=UTF-8","vary":"X-Origin, Referer, Origin,Accept-Encoding","date":"Thu, 16 Sep 2021 08:23:07 GMT","server":"ESF","cache-control":"private","x-xss-protection":"0","x-frame-options":"SAMEORIGIN","x-content-type-options":"nosniff","alt-svc":"h3=\":443\"; ma=2592000,h3-29=\":443\"; ma=2592000,h3-T051=\":443\"; ma=2592000,h3-Q050=\":443\"; ma=2592000,h3-Q046=\":443\"; ma=2592000,h3-Q043=\":443\"; ma=2592000,quic=\":443\"; ma=2592000; v=\"46,43\"","accept-ranges":"none","transfer-encoding":"chunked"}
[info] i  hosting[challenge-df3e6]: beginning deploy... 
[info] i  hosting[challenge-df3e6]: found 25 files in build 
[debug] [2021-09-16T08:23:08.494Z] > refreshing access token with scopes: []
[debug] [2021-09-16T08:23:08.494Z] >>> HTTP REQUEST POST https://www.googleapis.com/oauth2/v3/token  
 <request body omitted>
[debug] [2021-09-16T08:23:08.496Z] [hosting] hash cache [YnVpbGQ] stored for 25 files
[debug] [2021-09-16T08:23:08.496Z] [hosting][hash queue][FINAL] {"max":725,"min":40,"avg":138.4,"active":0,"complete":25,"success":25,"errored":0,"retried":0,"total":25,"elapsed":738}
[debug] [2021-09-16T08:23:08.739Z] <<< HTTP RESPONSE 200 {"date":"Thu, 16 Sep 2021 08:23:08 GMT","expires":"Mon, 01 Jan 1990 00:00:00 GMT","pragma":"no-cache","cache-control":"no-cache, no-store, max-age=0, must-revalidate","content-type":"application/json; charset=utf-8","vary":"X-Origin, Referer, Origin,Accept-Encoding","server":"scaffolding on HTTPServer2","x-xss-protection":"0","x-frame-options":"SAMEORIGIN","x-content-type-options":"nosniff","alt-svc":"h3=\":443\"; ma=2592000,h3-29=\":443\"; ma=2592000,h3-T051=\":443\"; ma=2592000,h3-Q050=\":443\"; ma=2592000,h3-Q046=\":443\"; ma=2592000,h3-Q043=\":443\"; ma=2592000,quic=\":443\"; ma=2592000; v=\"46,43\"","accept-ranges":"none","transfer-encoding":"chunked"}
[debug] [2021-09-16T08:23:08.895Z] >>> [apiv2][query] POST https://firebasehosting.googleapis.com/v1beta1/sites/challenge-df3e6/versions/6e2309d9f457915d:populateFiles [none]
[debug] [2021-09-16T08:23:08.896Z] >>> [apiv2][body] POST https://firebasehosting.googleapis.com/v1beta1/sites/challenge-df3e6/versions/6e2309d9f457915d:populateFiles {"files":{"/asset-manifest.json":"1a485bc3341afe5c0add32b5f4cbefeba2400f7a65ec2ab56129a5870bac4d93","/favicon.ico":"c599b7a91ab3627e3538125d9f40adc2d4bf949046984262670545dc7738af06","/index.html":"a92b52db46a9ea396b05ae8019c14e8f4f037c9a10bf081af4bb02713b8a672b","/logo512.png":"7779210d56c1f3741e2e487799fe3092def4fa6ac450a60532b807c3a8971205","/manifest.json":"e10a6cbd8a82c8e6d75beceae05d4da260c51f8148eabc96198bf8594a811b67","/robots.txt":"2544ca049f223a42bff01f72ad930a5edba75bbb7199d0f8430a02ff5aca16ec","/static/css/main.4d15c126.chunk.css":"43680ca066860ac3b94c931d401db76def20ba6b6d76d93d5ff4b81b4f310818","/static/css/main.4d15c126.chunk.css.map":"b51c2cbf33b0a073ba4c7eb8db9b9df8cc157a636237a041f133398dc41192e5","/static/js/2.beaf4130.chunk.js.LICENSE.txt":"b65b9fb1aef7f6d6e5fb723a328f318c3882af9970d42e9354c0ee73ab7171b4","/static/js/3.e9f9bff5.chunk.js":"2bed189d9b2ca3ed21d6924e13a9cf85c50d929005a043121304386dcc8c3714","/static/js/3.e9f9bff5.chunk.js.map":"6650523b1369d45363dd02cd6a68876539bf8f69457e9d8bf084119d7777d0c6","/static/js/main.85f9432c.chunk.js":"9bb25c8878cf4910c1e1a4d1939a2641bd3d3e8a2b8134373fb1fa3c0382927f","/static/js/runtime-main.fbc7b80d.js":"ca39460a3aefba17f05ad90249e2ab837068826188b6fc5370153cc8d3cb224d","/logo192.png":"76c449ccb9cd117c2f2338f091b18f7050f3210e249b2228f5c81b23f34377cd","/static/js/runtime-main.fbc7b80d.js.map":"b2e9ad8f93fd9887e2bd63ddda07f0aa68b91cf60e2525a4b7ffbf72b31ccd97","/static/js/main.85f9432c.chunk.js.map":"fe01038000531ee18b9b6130507fd069d1a55ad3528742f19efdc51bed4597d9","/amazon_PNG4.png":"f2c3f20fd0b7dc82eca028d28d3f595e4a909b0d3e0af893321fda3e2049eae6","/static/js/2.beaf4130.chunk.js":"d011c6ea4e6cc86d00f4c2708abf38c14303d20a5a9d48e533ec704f7e7cba27","/ad7.jpg":"ea11b4e5fe8f95ec688c04cab1fc71e4b2f1a8444eccf6bae1475eb0177b197d","/ad6.jpg":"bc7b5ba9408f867e1dbc7f6e64fd12bfd58a5988d567edd1e77db59f276a7840","/ad5.jpg":"7df24718ede8ed781dd0da0e2572a1ee53d961ff6267bdc1e47b7cb18f69e891","/ad1.jpg":"d9c2eade32dfac34b83f1c63101c3639c47be3045c526f6fd4a59f6111b82349","/ad4.jpg":"2ec4aa051bf02d4d47bfda68375277b42cf2330cdb26c80a4d621b447860e23e","/ad2.jpg":"113726c309ab2acdfa9df74fa402fc5d64b4af709334a21d1fd70f694eafc421","/static/js/2.beaf4130.chunk.js.map":"308652d02d90b44c2fcbbaae7e6960d224a845e536c44e0b4fc10b41b2f8d864"}}
[debug] [2021-09-16T08:23:10.704Z] <<< [apiv2][status] POST https://firebasehosting.googleapis.com/v1beta1/sites/challenge-df3e6/versions/6e2309d9f457915d:populateFiles 200
[debug] [2021-09-16T08:23:10.706Z] <<< [apiv2][body] POST https://firebasehosting.googleapis.com/v1beta1/sites/challenge-df3e6/versions/6e2309d9f457915d:populateFiles {"uploadRequiredHashes":["d011c6ea4e6cc86d00f4c2708abf38c14303d20a5a9d48e533ec704f7e7cba27","d9c2eade32dfac34b83f1c63101c3639c47be3045c526f6fd4a59f6111b82349","a92b52db46a9ea396b05ae8019c14e8f4f037c9a10bf081af4bb02713b8a672b","ea11b4e5fe8f95ec688c04cab1fc71e4b2f1a8444eccf6bae1475eb0177b197d","113726c309ab2acdfa9df74fa402fc5d64b4af709334a21d1fd70f694eafc421","b51c2cbf33b0a073ba4c7eb8db9b9df8cc157a636237a041f133398dc41192e5","9bb25c8878cf4910c1e1a4d1939a2641bd3d3e8a2b8134373fb1fa3c0382927f","6650523b1369d45363dd02cd6a68876539bf8f69457e9d8bf084119d7777d0c6","43680ca066860ac3b94c931d401db76def20ba6b6d76d93d5ff4b81b4f310818","b2e9ad8f93fd9887e2bd63ddda07f0aa68b91cf60e2525a4b7ffbf72b31ccd97","1a485bc3341afe5c0add32b5f4cbefeba2400f7a65ec2ab56129a5870bac4d93","bc7b5ba9408f867e1dbc7f6e64fd12bfd58a5988d567edd1e77db59f276a7840","308652d02d90b44c2fcbbaae7e6960d224a845e536c44e0b4fc10b41b2f8d864","7df24718ede8ed781dd0da0e2572a1ee53d961ff6267bdc1e47b7cb18f69e891","ca39460a3aefba17f05ad90249e2ab837068826188b6fc5370153cc8d3cb224d","fe01038000531ee18b9b6130507fd069d1a55ad3528742f19efdc51bed4597d9","2bed189d9b2ca3ed21d6924e13a9cf85c50d929005a043121304386dcc8c3714","2ec4aa051bf02d4d47bfda68375277b42cf2330cdb26c80a4d621b447860e23e"],"uploadUrl":"https://upload-firebasehosting.googleapis.com/upload/sites/challenge-df3e6/versions/6e2309d9f457915d/files"}
[debug] [2021-09-16T08:23:10.726Z] >>> [apiv2][query] POST https://upload-firebasehosting.googleapis.com/upload/sites/challenge-df3e6/versions/6e2309d9f457915d/files/d011c6ea4e6cc86d00f4c2708abf38c14303d20a5a9d48e533ec704f7e7cba27 [none]
[debug] [2021-09-16T08:23:10.727Z] >>> [apiv2][body] POST https://upload-firebasehosting.googleapis.com/upload/sites/challenge-df3e6/versions/6e2309d9f457915d/files/d011c6ea4e6cc86d00f4c2708abf38c14303d20a5a9d48e533ec704f7e7cba27 [stream]
[debug] [2021-09-16T08:23:10.728Z] >>> [apiv2][query] POST https://upload-firebasehosting.googleapis.com/upload/sites/challenge-df3e6/versions/6e2309d9f457915d/files/d9c2eade32dfac34b83f1c63101c3639c47be3045c526f6fd4a59f6111b82349 [none]
[debug] [2021-09-16T08:23:10.729Z] >>> [apiv2][body] POST https://upload-firebasehosting.googleapis.com/upload/sites/challenge-df3e6/versions/6e2309d9f457915d/files/d9c2eade32dfac34b83f1c63101c3639c47be3045c526f6fd4a59f6111b82349 [stream]
[debug] [2021-09-16T08:23:10.730Z] >>> [apiv2][query] POST https://upload-firebasehosting.googleapis.com/upload/sites/challenge-df3e6/versions/6e2309d9f457915d/files/a92b52db46a9ea396b05ae8019c14e8f4f037c9a10bf081af4bb02713b8a672b [none]
[debug] [2021-09-16T08:23:10.730Z] >>> [apiv2][body] POST https://upload-firebasehosting.googleapis.com/upload/sites/challenge-df3e6/versions/6e2309d9f457915d/files/a92b52db46a9ea396b05ae8019c14e8f4f037c9a10bf081af4bb02713b8a672b [stream]
[debug] [2021-09-16T08:23:10.731Z] >>> [apiv2][query] POST https://upload-firebasehosting.googleapis.com/upload/sites/challenge-df3e6/versions/6e2309d9f457915d/files/ea11b4e5fe8f95ec688c04cab1fc71e4b2f1a8444eccf6bae1475eb0177b197d [none]
[debug] [2021-09-16T08:23:10.732Z] >>> [apiv2][body] POST https://upload-firebasehosting.googleapis.com/upload/sites/challenge-df3e6/versions/6e2309d9f457915d/files/ea11b4e5fe8f95ec688c04cab1fc71e4b2f1a8444eccf6bae1475eb0177b197d [stream]
[debug] [2021-09-16T08:23:10.732Z] >>> [apiv2][query] POST https://upload-firebasehosting.googleapis.com/upload/sites/challenge-df3e6/versions/6e2309d9f457915d/files/113726c309ab2acdfa9df74fa402fc5d64b4af709334a21d1fd70f694eafc421 [none]
[debug] [2021-09-16T08:23:10.733Z] >>> [apiv2][body] POST https://upload-firebasehosting.googleapis.com/upload/sites/challenge-df3e6/versions/6e2309d9f457915d/files/113726c309ab2acdfa9df74fa402fc5d64b4af709334a21d1fd70f694eafc421 [stream]
[debug] [2021-09-16T08:23:10.733Z] >>> [apiv2][query] POST https://upload-firebasehosting.googleapis.com/upload/sites/challenge-df3e6/versions/6e2309d9f457915d/files/b51c2cbf33b0a073ba4c7eb8db9b9df8cc157a636237a041f133398dc41192e5 [none]
[debug] [2021-09-16T08:23:10.734Z] >>> [apiv2][body] POST https://upload-firebasehosting.googleapis.com/upload/sites/challenge-df3e6/versions/6e2309d9f457915d/files/b51c2cbf33b0a073ba4c7eb8db9b9df8cc157a636237a041f133398dc41192e5 [stream]
[debug] [2021-09-16T08:23:10.734Z] >>> [apiv2][query] POST https://upload-firebasehosting.googleapis.com/upload/sites/challenge-df3e6/versions/6e2309d9f457915d/files/9bb25c8878cf4910c1e1a4d1939a2641bd3d3e8a2b8134373fb1fa3c0382927f [none]
[debug] [2021-09-16T08:23:10.735Z] >>> [apiv2][body] POST https://upload-firebasehosting.googleapis.com/upload/sites/challenge-df3e6/versions/6e2309d9f457915d/files/9bb25c8878cf4910c1e1a4d1939a2641bd3d3e8a2b8134373fb1fa3c0382927f [stream]
[debug] [2021-09-16T08:23:10.735Z] >>> [apiv2][query] POST https://upload-firebasehosting.googleapis.com/upload/sites/challenge-df3e6/versions/6e2309d9f457915d/files/6650523b1369d45363dd02cd6a68876539bf8f69457e9d8bf084119d7777d0c6 [none]
[debug] [2021-09-16T08:23:10.736Z] >>> [apiv2][body] POST https://upload-firebasehosting.googleapis.com/upload/sites/challenge-df3e6/versions/6e2309d9f457915d/files/6650523b1369d45363dd02cd6a68876539bf8f69457e9d8bf084119d7777d0c6 [stream]
[debug] [2021-09-16T08:23:10.736Z] >>> [apiv2][query] POST https://upload-firebasehosting.googleapis.com/upload/sites/challenge-df3e6/versions/6e2309d9f457915d/files/43680ca066860ac3b94c931d401db76def20ba6b6d76d93d5ff4b81b4f310818 [none]
[debug] [2021-09-16T08:23:10.737Z] >>> [apiv2][body] POST https://upload-firebasehosting.googleapis.com/upload/sites/challenge-df3e6/versions/6e2309d9f457915d/files/43680ca066860ac3b94c931d401db76def20ba6b6d76d93d5ff4b81b4f310818 [stream]
[debug] [2021-09-16T08:23:10.738Z] >>> [apiv2][query] POST https://upload-firebasehosting.googleapis.com/upload/sites/challenge-df3e6/versions/6e2309d9f457915d/files/b2e9ad8f93fd9887e2bd63ddda07f0aa68b91cf60e2525a4b7ffbf72b31ccd97 [none]
[debug] [2021-09-16T08:23:10.738Z] >>> [apiv2][body] POST https://upload-firebasehosting.googleapis.com/upload/sites/challenge-df3e6/versions/6e2309d9f457915d/files/b2e9ad8f93fd9887e2bd63ddda07f0aa68b91cf60e2525a4b7ffbf72b31ccd97 [stream]
[debug] [2021-09-16T08:23:10.741Z] >>> [apiv2][query] POST https://upload-firebasehosting.googleapis.com/upload/sites/challenge-df3e6/versions/6e2309d9f457915d/files/1a485bc3341afe5c0add32b5f4cbefeba2400f7a65ec2ab56129a5870bac4d93 [none]
[debug] [2021-09-16T08:23:10.741Z] >>> [apiv2][body] POST https://upload-firebasehosting.googleapis.com/upload/sites/challenge-df3e6/versions/6e2309d9f457915d/files/1a485bc3341afe5c0add32b5f4cbefeba2400f7a65ec2ab56129a5870bac4d93 [stream]
[debug] [2021-09-16T08:23:10.742Z] >>> [apiv2][query] POST https://upload-firebasehosting.googleapis.com/upload/sites/challenge-df3e6/versions/6e2309d9f457915d/files/bc7b5ba9408f867e1dbc7f6e64fd12bfd58a5988d567edd1e77db59f276a7840 [none]
[debug] [2021-09-16T08:23:10.742Z] >>> [apiv2][body] POST https://upload-firebasehosting.googleapis.com/upload/sites/challenge-df3e6/versions/6e2309d9f457915d/files/bc7b5ba9408f867e1dbc7f6e64fd12bfd58a5988d567edd1e77db59f276a7840 [stream]
[debug] [2021-09-16T08:23:10.742Z] >>> [apiv2][query] POST https://upload-firebasehosting.googleapis.com/upload/sites/challenge-df3e6/versions/6e2309d9f457915d/files/308652d02d90b44c2fcbbaae7e6960d224a845e536c44e0b4fc10b41b2f8d864 [none]
[debug] [2021-09-16T08:23:10.743Z] >>> [apiv2][body] POST https://upload-firebasehosting.googleapis.com/upload/sites/challenge-df3e6/versions/6e2309d9f457915d/files/308652d02d90b44c2fcbbaae7e6960d224a845e536c44e0b4fc10b41b2f8d864 [stream]
[debug] [2021-09-16T08:23:10.743Z] >>> [apiv2][query] POST https://upload-firebasehosting.googleapis.com/upload/sites/challenge-df3e6/versions/6e2309d9f457915d/files/7df24718ede8ed781dd0da0e2572a1ee53d961ff6267bdc1e47b7cb18f69e891 [none]
[debug] [2021-09-16T08:23:10.743Z] >>> [apiv2][body] POST https://upload-firebasehosting.googleapis.com/upload/sites/challenge-df3e6/versions/6e2309d9f457915d/files/7df24718ede8ed781dd0da0e2572a1ee53d961ff6267bdc1e47b7cb18f69e891 [stream]
[debug] [2021-09-16T08:23:10.744Z] >>> [apiv2][query] POST https://upload-firebasehosting.googleapis.com/upload/sites/challenge-df3e6/versions/6e2309d9f457915d/files/ca39460a3aefba17f05ad90249e2ab837068826188b6fc5370153cc8d3cb224d [none]
[debug] [2021-09-16T08:23:10.744Z] >>> [apiv2][body] POST https://upload-firebasehosting.googleapis.com/upload/sites/challenge-df3e6/versions/6e2309d9f457915d/files/ca39460a3aefba17f05ad90249e2ab837068826188b6fc5370153cc8d3cb224d [stream]
[debug] [2021-09-16T08:23:10.745Z] >>> [apiv2][query] POST https://upload-firebasehosting.googleapis.com/upload/sites/challenge-df3e6/versions/6e2309d9f457915d/files/fe01038000531ee18b9b6130507fd069d1a55ad3528742f19efdc51bed4597d9 [none]
[debug] [2021-09-16T08:23:10.745Z] >>> [apiv2][body] POST https://upload-firebasehosting.googleapis.com/upload/sites/challenge-df3e6/versions/6e2309d9f457915d/files/fe01038000531ee18b9b6130507fd069d1a55ad3528742f19efdc51bed4597d9 [stream]
[debug] [2021-09-16T08:23:10.746Z] >>> [apiv2][query] POST https://upload-firebasehosting.googleapis.com/upload/sites/challenge-df3e6/versions/6e2309d9f457915d/files/2bed189d9b2ca3ed21d6924e13a9cf85c50d929005a043121304386dcc8c3714 [none]
[debug] [2021-09-16T08:23:10.746Z] >>> [apiv2][body] POST https://upload-firebasehosting.googleapis.com/upload/sites/challenge-df3e6/versions/6e2309d9f457915d/files/2bed189d9b2ca3ed21d6924e13a9cf85c50d929005a043121304386dcc8c3714 [stream]
[debug] [2021-09-16T08:23:10.747Z] >>> [apiv2][query] POST https://upload-firebasehosting.googleapis.com/upload/sites/challenge-df3e6/versions/6e2309d9f457915d/files/2ec4aa051bf02d4d47bfda68375277b42cf2330cdb26c80a4d621b447860e23e [none]
[debug] [2021-09-16T08:23:10.747Z] >>> [apiv2][body] POST https://upload-firebasehosting.googleapis.com/upload/sites/challenge-df3e6/versions/6e2309d9f457915d/files/2ec4aa051bf02d4d47bfda68375277b42cf2330cdb26c80a4d621b447860e23e [stream]
[debug] [2021-09-16T08:23:10.748Z] [hosting][populate queue][FINAL] {"max":2233,"min":2233,"avg":2233,"active":0,"complete":1,"success":1,"errored":0,"retried":0,"total":1,"elapsed":2255}
[debug] [2021-09-16T08:23:10.748Z] [hosting] uploads queued: 18
[debug] [2021-09-16T08:23:12.867Z] <<< [apiv2][status] POST https://upload-firebasehosting.googleapis.com/upload/sites/challenge-df3e6/versions/6e2309d9f457915d/files/b2e9ad8f93fd9887e2bd63ddda07f0aa68b91cf60e2525a4b7ffbf72b31ccd97 200
[debug] [2021-09-16T08:23:12.868Z] <<< [apiv2][body] POST https://upload-firebasehosting.googleapis.com/upload/sites/challenge-df3e6/versions/6e2309d9f457915d/files/b2e9ad8f93fd9887e2bd63ddda07f0aa68b91cf60e2525a4b7ffbf72b31ccd97 [stream]
[debug] [2021-09-16T08:23:12.873Z] <<< [apiv2][status] POST https://upload-firebasehosting.googleapis.com/upload/sites/challenge-df3e6/versions/6e2309d9f457915d/files/6650523b1369d45363dd02cd6a68876539bf8f69457e9d8bf084119d7777d0c6 200
[debug] [2021-09-16T08:23:12.873Z] <<< [apiv2][body] POST https://upload-firebasehosting.googleapis.com/upload/sites/challenge-df3e6/versions/6e2309d9f457915d/files/6650523b1369d45363dd02cd6a68876539bf8f69457e9d8bf084119d7777d0c6 [stream]
[debug] [2021-09-16T08:23:12.932Z] <<< [apiv2][status] POST https://upload-firebasehosting.googleapis.com/upload/sites/challenge-df3e6/versions/6e2309d9f457915d/files/1a485bc3341afe5c0add32b5f4cbefeba2400f7a65ec2ab56129a5870bac4d93 200
[debug] [2021-09-16T08:23:12.932Z] <<< [apiv2][body] POST https://upload-firebasehosting.googleapis.com/upload/sites/challenge-df3e6/versions/6e2309d9f457915d/files/1a485bc3341afe5c0add32b5f4cbefeba2400f7a65ec2ab56129a5870bac4d93 [stream]
[debug] [2021-09-16T08:23:12.935Z] <<< [apiv2][status] POST https://upload-firebasehosting.googleapis.com/upload/sites/challenge-df3e6/versions/6e2309d9f457915d/files/43680ca066860ac3b94c931d401db76def20ba6b6d76d93d5ff4b81b4f310818 200
[debug] [2021-09-16T08:23:12.936Z] <<< [apiv2][body] POST https://upload-firebasehosting.googleapis.com/upload/sites/challenge-df3e6/versions/6e2309d9f457915d/files/43680ca066860ac3b94c931d401db76def20ba6b6d76d93d5ff4b81b4f310818 [stream]
[debug] [2021-09-16T08:23:12.954Z] <<< [apiv2][status] POST https://upload-firebasehosting.googleapis.com/upload/sites/challenge-df3e6/versions/6e2309d9f457915d/files/fe01038000531ee18b9b6130507fd069d1a55ad3528742f19efdc51bed4597d9 200
[debug] [2021-09-16T08:23:12.955Z] <<< [apiv2][body] POST https://upload-firebasehosting.googleapis.com/upload/sites/challenge-df3e6/versions/6e2309d9f457915d/files/fe01038000531ee18b9b6130507fd069d1a55ad3528742f19efdc51bed4597d9 [stream]
[debug] [2021-09-16T08:23:12.967Z] <<< [apiv2][status] POST https://upload-firebasehosting.googleapis.com/upload/sites/challenge-df3e6/versions/6e2309d9f457915d/files/a92b52db46a9ea396b05ae8019c14e8f4f037c9a10bf081af4bb02713b8a672b 200
[debug] [2021-09-16T08:23:12.967Z] <<< [apiv2][body] POST https://upload-firebasehosting.googleapis.com/upload/sites/challenge-df3e6/versions/6e2309d9f457915d/files/a92b52db46a9ea396b05ae8019c14e8f4f037c9a10bf081af4bb02713b8a672b [stream]
[debug] [2021-09-16T08:23:13.058Z] <<< [apiv2][status] POST https://upload-firebasehosting.googleapis.com/upload/sites/challenge-df3e6/versions/6e2309d9f457915d/files/ca39460a3aefba17f05ad90249e2ab837068826188b6fc5370153cc8d3cb224d 200
[debug] [2021-09-16T08:23:13.059Z] <<< [apiv2][body] POST https://upload-firebasehosting.googleapis.com/upload/sites/challenge-df3e6/versions/6e2309d9f457915d/files/ca39460a3aefba17f05ad90249e2ab837068826188b6fc5370153cc8d3cb224d [stream]
[debug] [2021-09-16T08:23:13.062Z] <<< [apiv2][status] POST https://upload-firebasehosting.googleapis.com/upload/sites/challenge-df3e6/versions/6e2309d9f457915d/files/9bb25c8878cf4910c1e1a4d1939a2641bd3d3e8a2b8134373fb1fa3c0382927f 200
[debug] [2021-09-16T08:23:13.063Z] <<< [apiv2][body] POST https://upload-firebasehosting.googleapis.com/upload/sites/challenge-df3e6/versions/6e2309d9f457915d/files/9bb25c8878cf4910c1e1a4d1939a2641bd3d3e8a2b8134373fb1fa3c0382927f [stream]
[debug] [2021-09-16T08:23:13.483Z] <<< [apiv2][status] POST https://upload-firebasehosting.googleapis.com/upload/sites/challenge-df3e6/versions/6e2309d9f457915d/files/b51c2cbf33b0a073ba4c7eb8db9b9df8cc157a636237a041f133398dc41192e5 200
[debug] [2021-09-16T08:23:13.484Z] <<< [apiv2][body] POST https://upload-firebasehosting.googleapis.com/upload/sites/challenge-df3e6/versions/6e2309d9f457915d/files/b51c2cbf33b0a073ba4c7eb8db9b9df8cc157a636237a041f133398dc41192e5 [stream]
[debug] [2021-09-16T08:23:13.574Z] <<< [apiv2][status] POST https://upload-firebasehosting.googleapis.com/upload/sites/challenge-df3e6/versions/6e2309d9f457915d/files/2bed189d9b2ca3ed21d6924e13a9cf85c50d929005a043121304386dcc8c3714 200
[debug] [2021-09-16T08:23:13.574Z] <<< [apiv2][body] POST https://upload-firebasehosting.googleapis.com/upload/sites/challenge-df3e6/versions/6e2309d9f457915d/files/2bed189d9b2ca3ed21d6924e13a9cf85c50d929005a043121304386dcc8c3714 [stream]
[debug] [2021-09-16T08:23:13.932Z] <<< [apiv2][status] POST https://upload-firebasehosting.googleapis.com/upload/sites/challenge-df3e6/versions/6e2309d9f457915d/files/d9c2eade32dfac34b83f1c63101c3639c47be3045c526f6fd4a59f6111b82349 200
[debug] [2021-09-16T08:23:13.933Z] <<< [apiv2][body] POST https://upload-firebasehosting.googleapis.com/upload/sites/challenge-df3e6/versions/6e2309d9f457915d/files/d9c2eade32dfac34b83f1c63101c3639c47be3045c526f6fd4a59f6111b82349 [stream]
[debug] [2021-09-16T08:23:14.064Z] <<< [apiv2][status] POST https://upload-firebasehosting.googleapis.com/upload/sites/challenge-df3e6/versions/6e2309d9f457915d/files/308652d02d90b44c2fcbbaae7e6960d224a845e536c44e0b4fc10b41b2f8d864 200
[debug] [2021-09-16T08:23:14.065Z] <<< [apiv2][body] POST https://upload-firebasehosting.googleapis.com/upload/sites/challenge-df3e6/versions/6e2309d9f457915d/files/308652d02d90b44c2fcbbaae7e6960d224a845e536c44e0b4fc10b41b2f8d864 [stream]
[debug] [2021-09-16T08:23:14.087Z] <<< [apiv2][status] POST https://upload-firebasehosting.googleapis.com/upload/sites/challenge-df3e6/versions/6e2309d9f457915d/files/bc7b5ba9408f867e1dbc7f6e64fd12bfd58a5988d567edd1e77db59f276a7840 200
[debug] [2021-09-16T08:23:14.088Z] <<< [apiv2][body] POST https://upload-firebasehosting.googleapis.com/upload/sites/challenge-df3e6/versions/6e2309d9f457915d/files/bc7b5ba9408f867e1dbc7f6e64fd12bfd58a5988d567edd1e77db59f276a7840 [stream]
[debug] [2021-09-16T08:23:14.187Z] <<< [apiv2][status] POST https://upload-firebasehosting.googleapis.com/upload/sites/challenge-df3e6/versions/6e2309d9f457915d/files/d011c6ea4e6cc86d00f4c2708abf38c14303d20a5a9d48e533ec704f7e7cba27 200
[debug] [2021-09-16T08:23:14.188Z] <<< [apiv2][body] POST https://upload-firebasehosting.googleapis.com/upload/sites/challenge-df3e6/versions/6e2309d9f457915d/files/d011c6ea4e6cc86d00f4c2708abf38c14303d20a5a9d48e533ec704f7e7cba27 [stream]
[debug] [2021-09-16T08:23:14.476Z] <<< [apiv2][status] POST https://upload-firebasehosting.googleapis.com/upload/sites/challenge-df3e6/versions/6e2309d9f457915d/files/113726c309ab2acdfa9df74fa402fc5d64b4af709334a21d1fd70f694eafc421 200
[debug] [2021-09-16T08:23:14.477Z] <<< [apiv2][body] POST https://upload-firebasehosting.googleapis.com/upload/sites/challenge-df3e6/versions/6e2309d9f457915d/files/113726c309ab2acdfa9df74fa402fc5d64b4af709334a21d1fd70f694eafc421 [stream]
[debug] [2021-09-16T08:23:14.647Z] <<< [apiv2][status] POST https://upload-firebasehosting.googleapis.com/upload/sites/challenge-df3e6/versions/6e2309d9f457915d/files/ea11b4e5fe8f95ec688c04cab1fc71e4b2f1a8444eccf6bae1475eb0177b197d 200
[debug] [2021-09-16T08:23:14.647Z] <<< [apiv2][body] POST https://upload-firebasehosting.googleapis.com/upload/sites/challenge-df3e6/versions/6e2309d9f457915d/files/ea11b4e5fe8f95ec688c04cab1fc71e4b2f1a8444eccf6bae1475eb0177b197d [stream]
[debug] [2021-09-16T08:23:14.708Z] <<< [apiv2][status] POST https://upload-firebasehosting.googleapis.com/upload/sites/challenge-df3e6/versions/6e2309d9f457915d/files/7df24718ede8ed781dd0da0e2572a1ee53d961ff6267bdc1e47b7cb18f69e891 200
[debug] [2021-09-16T08:23:14.709Z] <<< [apiv2][body] POST https://upload-firebasehosting.googleapis.com/upload/sites/challenge-df3e6/versions/6e2309d9f457915d/files/7df24718ede8ed781dd0da0e2572a1ee53d961ff6267bdc1e47b7cb18f69e891 [stream]
